{
  "RSpec": {
    "coverage": {
      "/Users/Nic/Desktop/Development/FakeTwitter/spec/cheet_spec.rb": [
        1,
        null,
        1,
        null,
        null,
        1,
        1,
        1,
        null,
        null,
        1,
        1,
        null,
        1,
        1,
        null,
        1,
        1,
        1,
        1,
        null,
        null,
        null,
        null,
        null,
        1,
        1,
        1,
        1,
        null,
        1,
        1,
        1,
        null,
        null,
        null
      ],
      "/Users/Nic/Desktop/Development/FakeTwitter/spec/features/Viewing_cheets_spec.rb": [
        1,
        1,
        null,
        1,
        1,
        null,
        1,
        1,
        null,
        1,
        null,
        1,
        1,
        null,
        null
      ],
      "/Users/Nic/Desktop/Development/FakeTwitter/spec/features/new_cheet_spec.rb": [
        1,
        1,
        null,
        1,
        1,
        1,
        1,
        1,
        null,
        1,
        null,
        null
      ]
    },
    "timestamp": 1538344191
  }
}
